<?xml version="1.0" encoding="UTF-8"?>
<!-- Generated by org.testng.reporters.JUnitReportReporter -->
<testsuite hostname="Iconics-MacBook-Pro-2.local" failures="0" tests="1" name="demo.FreeForminit" time="43.451" errors="0" timestamp="16 Oct 2018 02:35:43 GMT" skipped="0">
  <testcase classname="demo.FreeForminit" name="Signin" time="43.451"/>
</testsuite> <!-- demo.FreeForminit -->
