<?xml version="1.0" encoding="UTF-8"?>
<!-- Generated by org.testng.reporters.JUnitReportReporter -->
<testsuite hostname="Rickys-MacBook-Pro-2.local" failures="0" tests="1" name="demo.StartChrome" time="59.103" errors="0" timestamp="25 Sep 2018 21:45:47 GMT" skipped="0">
  <testcase classname="demo.StartChrome" name="Signin" time="59.103"/>
</testsuite> <!-- demo.StartChrome -->
